ARM GAS  C:\Users\n-is\AppData\Local\Temp\ccjvPMNh.s 			page 1


   1              		.cpu cortex-m4
   2              		.eabi_attribute 27, 1
   3              		.eabi_attribute 28, 1
   4              		.eabi_attribute 20, 1
   5              		.eabi_attribute 21, 1
   6              		.eabi_attribute 23, 3
   7              		.eabi_attribute 24, 1
   8              		.eabi_attribute 25, 1
   9              		.eabi_attribute 26, 1
  10              		.eabi_attribute 30, 1
  11              		.eabi_attribute 34, 1
  12              		.eabi_attribute 18, 4
  13              		.file	"gpio.c"
  14              		.text
  15              	.Ltext0:
  16              		.cfi_sections	.debug_frame
  17              		.section	.text.MX_GPIO_Init,"ax",%progbits
  18              		.align	1
  19              		.global	MX_GPIO_Init
  20              		.syntax unified
  21              		.thumb
  22              		.thumb_func
  23              		.fpu fpv4-sp-d16
  25              	MX_GPIO_Init:
  26              	.LFB126:
  27              		.file 1 "Core/Src/gpio.c"
   1:Core/Src/gpio.c **** /**
   2:Core/Src/gpio.c ****   ******************************************************************************
   3:Core/Src/gpio.c ****   * File Name          : gpio.c
   4:Core/Src/gpio.c ****   * Description        : This file provides code for the configuration
   5:Core/Src/gpio.c ****   *                      of all used GPIO pins.
   6:Core/Src/gpio.c ****   ******************************************************************************
   7:Core/Src/gpio.c ****   ** This notice applies to any and all portions of this file
   8:Core/Src/gpio.c ****   * that are not between comment pairs USER CODE BEGIN and
   9:Core/Src/gpio.c ****   * USER CODE END. Other portions of this file, whether 
  10:Core/Src/gpio.c ****   * inserted by the user or by software development tools
  11:Core/Src/gpio.c ****   * are owned by their respective copyright owners.
  12:Core/Src/gpio.c ****   *
  13:Core/Src/gpio.c ****   * COPYRIGHT(c) 2018 STMicroelectronics
  14:Core/Src/gpio.c ****   *
  15:Core/Src/gpio.c ****   * Redistribution and use in source and binary forms, with or without modification,
  16:Core/Src/gpio.c ****   * are permitted provided that the following conditions are met:
  17:Core/Src/gpio.c ****   *   1. Redistributions of source code must retain the above copyright notice,
  18:Core/Src/gpio.c ****   *      this list of conditions and the following disclaimer.
  19:Core/Src/gpio.c ****   *   2. Redistributions in binary form must reproduce the above copyright notice,
  20:Core/Src/gpio.c ****   *      this list of conditions and the following disclaimer in the documentation
  21:Core/Src/gpio.c ****   *      and/or other materials provided with the distribution.
  22:Core/Src/gpio.c ****   *   3. Neither the name of STMicroelectronics nor the names of its contributors
  23:Core/Src/gpio.c ****   *      may be used to endorse or promote products derived from this software
  24:Core/Src/gpio.c ****   *      without specific prior written permission.
  25:Core/Src/gpio.c ****   *
  26:Core/Src/gpio.c ****   * THIS SOFTWARE IS PROVIDED BY THE COPYRIGHT HOLDERS AND CONTRIBUTORS "AS IS"
  27:Core/Src/gpio.c ****   * AND ANY EXPRESS OR IMPLIED WARRANTIES, INCLUDING, BUT NOT LIMITED TO, THE
  28:Core/Src/gpio.c ****   * IMPLIED WARRANTIES OF MERCHANTABILITY AND FITNESS FOR A PARTICULAR PURPOSE ARE
  29:Core/Src/gpio.c ****   * DISCLAIMED. IN NO EVENT SHALL THE COPYRIGHT HOLDER OR CONTRIBUTORS BE LIABLE
  30:Core/Src/gpio.c ****   * FOR ANY DIRECT, INDIRECT, INCIDENTAL, SPECIAL, EXEMPLARY, OR CONSEQUENTIAL
  31:Core/Src/gpio.c ****   * DAMAGES (INCLUDING, BUT NOT LIMITED TO, PROCUREMENT OF SUBSTITUTE GOODS OR
ARM GAS  C:\Users\n-is\AppData\Local\Temp\ccjvPMNh.s 			page 2


  32:Core/Src/gpio.c ****   * SERVICES; LOSS OF USE, DATA, OR PROFITS; OR BUSINESS INTERRUPTION) HOWEVER
  33:Core/Src/gpio.c ****   * CAUSED AND ON ANY THEORY OF LIABILITY, WHETHER IN CONTRACT, STRICT LIABILITY,
  34:Core/Src/gpio.c ****   * OR TORT (INCLUDING NEGLIGENCE OR OTHERWISE) ARISING IN ANY WAY OUT OF THE USE
  35:Core/Src/gpio.c ****   * OF THIS SOFTWARE, EVEN IF ADVISED OF THE POSSIBILITY OF SUCH DAMAGE.
  36:Core/Src/gpio.c ****   *
  37:Core/Src/gpio.c ****   ******************************************************************************
  38:Core/Src/gpio.c ****   */
  39:Core/Src/gpio.c **** 
  40:Core/Src/gpio.c **** /* Includes ------------------------------------------------------------------*/
  41:Core/Src/gpio.c **** #include "gpio.h"
  42:Core/Src/gpio.c **** /* USER CODE BEGIN 0 */
  43:Core/Src/gpio.c **** 
  44:Core/Src/gpio.c **** /* USER CODE END 0 */
  45:Core/Src/gpio.c **** 
  46:Core/Src/gpio.c **** /*----------------------------------------------------------------------------*/
  47:Core/Src/gpio.c **** /* Configure GPIO                                                             */
  48:Core/Src/gpio.c **** /*----------------------------------------------------------------------------*/
  49:Core/Src/gpio.c **** /* USER CODE BEGIN 1 */
  50:Core/Src/gpio.c **** 
  51:Core/Src/gpio.c **** /* USER CODE END 1 */
  52:Core/Src/gpio.c **** 
  53:Core/Src/gpio.c **** /** Configure pins as 
  54:Core/Src/gpio.c ****         * Analog 
  55:Core/Src/gpio.c ****         * Input 
  56:Core/Src/gpio.c ****         * Output
  57:Core/Src/gpio.c ****         * EVENT_OUT
  58:Core/Src/gpio.c ****         * EXTI
  59:Core/Src/gpio.c ****         * Free pins are configured automatically as Analog (this feature is enabled through 
  60:Core/Src/gpio.c ****         * the Code Generation settings)
  61:Core/Src/gpio.c **** */
  62:Core/Src/gpio.c **** void MX_GPIO_Init(void)
  63:Core/Src/gpio.c **** {
  28              		.loc 1 63 0
  29              		.cfi_startproc
  30              		@ args = 0, pretend = 0, frame = 48
  31              		@ frame_needed = 0, uses_anonymous_args = 0
  32 0000 2DE9F041 		push	{r4, r5, r6, r7, r8, lr}
  33              	.LCFI0:
  34              		.cfi_def_cfa_offset 24
  35              		.cfi_offset 4, -24
  36              		.cfi_offset 5, -20
  37              		.cfi_offset 6, -16
  38              		.cfi_offset 7, -12
  39              		.cfi_offset 8, -8
  40              		.cfi_offset 14, -4
  41 0004 8CB0     		sub	sp, sp, #48
  42              	.LCFI1:
  43              		.cfi_def_cfa_offset 72
  44              	.LBB2:
  64:Core/Src/gpio.c **** 
  65:Core/Src/gpio.c ****         GPIO_InitTypeDef GPIO_InitStruct;
  66:Core/Src/gpio.c **** 
  67:Core/Src/gpio.c ****         /* GPIO Ports Clock Enable */
  68:Core/Src/gpio.c ****         __HAL_RCC_GPIOE_CLK_ENABLE();
  45              		.loc 1 68 0
  46 0006 0024     		movs	r4, #0
  47 0008 0194     		str	r4, [sp, #4]
ARM GAS  C:\Users\n-is\AppData\Local\Temp\ccjvPMNh.s 			page 3


  48 000a 4F4B     		ldr	r3, .L3
  49 000c 1A6B     		ldr	r2, [r3, #48]
  50 000e 42F01002 		orr	r2, r2, #16
  51 0012 1A63     		str	r2, [r3, #48]
  52 0014 1A6B     		ldr	r2, [r3, #48]
  53 0016 02F01002 		and	r2, r2, #16
  54 001a 0192     		str	r2, [sp, #4]
  55 001c 019A     		ldr	r2, [sp, #4]
  56              	.LBE2:
  57              	.LBB3:
  69:Core/Src/gpio.c ****         __HAL_RCC_GPIOC_CLK_ENABLE();
  58              		.loc 1 69 0
  59 001e 0294     		str	r4, [sp, #8]
  60 0020 1A6B     		ldr	r2, [r3, #48]
  61 0022 42F00402 		orr	r2, r2, #4
  62 0026 1A63     		str	r2, [r3, #48]
  63 0028 1A6B     		ldr	r2, [r3, #48]
  64 002a 02F00402 		and	r2, r2, #4
  65 002e 0292     		str	r2, [sp, #8]
  66 0030 029A     		ldr	r2, [sp, #8]
  67              	.LBE3:
  68              	.LBB4:
  70:Core/Src/gpio.c ****         __HAL_RCC_GPIOH_CLK_ENABLE();
  69              		.loc 1 70 0
  70 0032 0394     		str	r4, [sp, #12]
  71 0034 1A6B     		ldr	r2, [r3, #48]
  72 0036 42F08002 		orr	r2, r2, #128
  73 003a 1A63     		str	r2, [r3, #48]
  74 003c 1A6B     		ldr	r2, [r3, #48]
  75 003e 02F08002 		and	r2, r2, #128
  76 0042 0392     		str	r2, [sp, #12]
  77 0044 039A     		ldr	r2, [sp, #12]
  78              	.LBE4:
  79              	.LBB5:
  71:Core/Src/gpio.c ****         __HAL_RCC_GPIOA_CLK_ENABLE();
  80              		.loc 1 71 0
  81 0046 0494     		str	r4, [sp, #16]
  82 0048 1A6B     		ldr	r2, [r3, #48]
  83 004a 42F00102 		orr	r2, r2, #1
  84 004e 1A63     		str	r2, [r3, #48]
  85 0050 1A6B     		ldr	r2, [r3, #48]
  86 0052 02F00102 		and	r2, r2, #1
  87 0056 0492     		str	r2, [sp, #16]
  88 0058 049A     		ldr	r2, [sp, #16]
  89              	.LBE5:
  90              	.LBB6:
  72:Core/Src/gpio.c ****         __HAL_RCC_GPIOB_CLK_ENABLE();
  91              		.loc 1 72 0
  92 005a 0594     		str	r4, [sp, #20]
  93 005c 1A6B     		ldr	r2, [r3, #48]
  94 005e 42F00202 		orr	r2, r2, #2
  95 0062 1A63     		str	r2, [r3, #48]
  96 0064 1A6B     		ldr	r2, [r3, #48]
  97 0066 02F00202 		and	r2, r2, #2
  98 006a 0592     		str	r2, [sp, #20]
  99 006c 059A     		ldr	r2, [sp, #20]
 100              	.LBE6:
ARM GAS  C:\Users\n-is\AppData\Local\Temp\ccjvPMNh.s 			page 4


 101              	.LBB7:
  73:Core/Src/gpio.c ****         __HAL_RCC_GPIOD_CLK_ENABLE();
 102              		.loc 1 73 0
 103 006e 0694     		str	r4, [sp, #24]
 104 0070 1A6B     		ldr	r2, [r3, #48]
 105 0072 42F00802 		orr	r2, r2, #8
 106 0076 1A63     		str	r2, [r3, #48]
 107 0078 1B6B     		ldr	r3, [r3, #48]
 108 007a 03F00803 		and	r3, r3, #8
 109 007e 0693     		str	r3, [sp, #24]
 110 0080 069B     		ldr	r3, [sp, #24]
 111              	.LBE7:
  74:Core/Src/gpio.c **** 
  75:Core/Src/gpio.c ****         /*Configure GPIO pin Output Level */
  76:Core/Src/gpio.c ****         HAL_GPIO_WritePin(GPIOD, MOTOR2_IN2_Pin | MOTOR3_IN1_Pin | MOTOR1_IN1_Pin | MOTOR1_IN2_Pin 
 112              		.loc 1 76 0
 113 0082 DFF8D880 		ldr	r8, .L3+20
 114 0086 2246     		mov	r2, r4
 115 0088 4CF2AA01 		movw	r1, #49322
 116 008c 4046     		mov	r0, r8
 117 008e FFF7FEFF 		bl	HAL_GPIO_WritePin
 118              	.LVL0:
  77:Core/Src/gpio.c **** 
  78:Core/Src/gpio.c ****         /*Configure GPIO pin Output Level */
  79:Core/Src/gpio.c ****         HAL_GPIO_WritePin(GPIOC, MOTOR4_IN1_Pin | MOTOR4_IN2_Pin, GPIO_PIN_RESET);
 119              		.loc 1 79 0
 120 0092 2E4F     		ldr	r7, .L3+4
 121 0094 2246     		mov	r2, r4
 122 0096 4FF4A051 		mov	r1, #5120
 123 009a 3846     		mov	r0, r7
 124 009c FFF7FEFF 		bl	HAL_GPIO_WritePin
 125              	.LVL1:
  80:Core/Src/gpio.c **** 
  81:Core/Src/gpio.c ****         /*Configure GPIO pin Output Level */
  82:Core/Src/gpio.c ****         HAL_GPIO_WritePin(GPIOE, GPIO_PIN_0, GPIO_PIN_RESET);
 126              		.loc 1 82 0
 127 00a0 2B4E     		ldr	r6, .L3+8
 128 00a2 2246     		mov	r2, r4
 129 00a4 0121     		movs	r1, #1
 130 00a6 3046     		mov	r0, r6
 131 00a8 FFF7FEFF 		bl	HAL_GPIO_WritePin
 132              	.LVL2:
  83:Core/Src/gpio.c **** 
  84:Core/Src/gpio.c ****         /*Configure GPIO pins : PE2 PE3 PE4 PE5 
  85:Core/Src/gpio.c ****                            PE6 PE7 PE8 PE10 
  86:Core/Src/gpio.c ****                            PE12 PE13 PE14 PE15 
  87:Core/Src/gpio.c ****                            PE1 */
  88:Core/Src/gpio.c ****         GPIO_InitStruct.Pin = GPIO_PIN_2 | GPIO_PIN_3 | GPIO_PIN_4 | GPIO_PIN_5 | GPIO_PIN_6 | GPIO
 133              		.loc 1 88 0
 134 00ac 4FF2FE53 		movw	r3, #62974
 135 00b0 0793     		str	r3, [sp, #28]
  89:Core/Src/gpio.c ****         GPIO_InitStruct.Mode = GPIO_MODE_ANALOG;
 136              		.loc 1 89 0
 137 00b2 0325     		movs	r5, #3
 138 00b4 0895     		str	r5, [sp, #32]
  90:Core/Src/gpio.c ****         GPIO_InitStruct.Pull = GPIO_NOPULL;
 139              		.loc 1 90 0
ARM GAS  C:\Users\n-is\AppData\Local\Temp\ccjvPMNh.s 			page 5


 140 00b6 0994     		str	r4, [sp, #36]
  91:Core/Src/gpio.c ****         HAL_GPIO_Init(GPIOE, &GPIO_InitStruct);
 141              		.loc 1 91 0
 142 00b8 07A9     		add	r1, sp, #28
 143 00ba 3046     		mov	r0, r6
 144 00bc FFF7FEFF 		bl	HAL_GPIO_Init
 145              	.LVL3:
  92:Core/Src/gpio.c **** 
  93:Core/Src/gpio.c ****         /*Configure GPIO pins : PC13 PC14 PC15 PC0 
  94:Core/Src/gpio.c ****                            PC1 PC2 PC3 PC5 
  95:Core/Src/gpio.c ****                            PC11 */
  96:Core/Src/gpio.c ****         GPIO_InitStruct.Pin = GPIO_PIN_13 | GPIO_PIN_14 | GPIO_PIN_15 | GPIO_PIN_0 | GPIO_PIN_1 | G
 146              		.loc 1 96 0
 147 00c0 4EF62F03 		movw	r3, #59439
 148 00c4 0793     		str	r3, [sp, #28]
  97:Core/Src/gpio.c ****         GPIO_InitStruct.Mode = GPIO_MODE_ANALOG;
 149              		.loc 1 97 0
 150 00c6 0895     		str	r5, [sp, #32]
  98:Core/Src/gpio.c ****         GPIO_InitStruct.Pull = GPIO_NOPULL;
 151              		.loc 1 98 0
 152 00c8 0994     		str	r4, [sp, #36]
  99:Core/Src/gpio.c ****         HAL_GPIO_Init(GPIOC, &GPIO_InitStruct);
 153              		.loc 1 99 0
 154 00ca 07A9     		add	r1, sp, #28
 155 00cc 3846     		mov	r0, r7
 156 00ce FFF7FEFF 		bl	HAL_GPIO_Init
 157              	.LVL4:
 100:Core/Src/gpio.c **** 
 101:Core/Src/gpio.c ****         /*Configure GPIO pins : PA2 PA3 PA4 PA5 
 102:Core/Src/gpio.c ****                            PA8 PA11 PA12 PA15 */
 103:Core/Src/gpio.c ****         GPIO_InitStruct.Pin = GPIO_PIN_2 | GPIO_PIN_3 | GPIO_PIN_4 | GPIO_PIN_5 | GPIO_PIN_8 | GPIO
 158              		.loc 1 103 0
 159 00d2 49F63C13 		movw	r3, #39228
 160 00d6 0793     		str	r3, [sp, #28]
 104:Core/Src/gpio.c ****         GPIO_InitStruct.Mode = GPIO_MODE_ANALOG;
 161              		.loc 1 104 0
 162 00d8 0895     		str	r5, [sp, #32]
 105:Core/Src/gpio.c ****         GPIO_InitStruct.Pull = GPIO_NOPULL;
 163              		.loc 1 105 0
 164 00da 0994     		str	r4, [sp, #36]
 106:Core/Src/gpio.c ****         HAL_GPIO_Init(GPIOA, &GPIO_InitStruct);
 165              		.loc 1 106 0
 166 00dc 07A9     		add	r1, sp, #28
 167 00de 1D48     		ldr	r0, .L3+12
 168 00e0 FFF7FEFF 		bl	HAL_GPIO_Init
 169              	.LVL5:
 107:Core/Src/gpio.c **** 
 108:Core/Src/gpio.c ****         /*Configure GPIO pins : PB0 PB1 PB2 PB12 
 109:Core/Src/gpio.c ****                            PB13 PB14 PB15 PB4 
 110:Core/Src/gpio.c ****                            PB5 PB6 PB7 PB8 
 111:Core/Src/gpio.c ****                            PB9 */
 112:Core/Src/gpio.c ****         GPIO_InitStruct.Pin = GPIO_PIN_0 | GPIO_PIN_1 | GPIO_PIN_2 | GPIO_PIN_12 | GPIO_PIN_13 | GP
 170              		.loc 1 112 0
 171 00e4 4FF2F733 		movw	r3, #62455
 172 00e8 0793     		str	r3, [sp, #28]
 113:Core/Src/gpio.c ****         GPIO_InitStruct.Mode = GPIO_MODE_ANALOG;
 173              		.loc 1 113 0
ARM GAS  C:\Users\n-is\AppData\Local\Temp\ccjvPMNh.s 			page 6


 174 00ea 0895     		str	r5, [sp, #32]
 114:Core/Src/gpio.c ****         GPIO_InitStruct.Pull = GPIO_NOPULL;
 175              		.loc 1 114 0
 176 00ec 0994     		str	r4, [sp, #36]
 115:Core/Src/gpio.c ****         HAL_GPIO_Init(GPIOB, &GPIO_InitStruct);
 177              		.loc 1 115 0
 178 00ee 07A9     		add	r1, sp, #28
 179 00f0 1948     		ldr	r0, .L3+16
 180 00f2 FFF7FEFF 		bl	HAL_GPIO_Init
 181              	.LVL6:
 116:Core/Src/gpio.c **** 
 117:Core/Src/gpio.c ****         /*Configure GPIO pins : PD8 PD9 PD10 PD11 
 118:Core/Src/gpio.c ****                            PD0 PD2 PD4 PD6 */
 119:Core/Src/gpio.c ****         GPIO_InitStruct.Pin = GPIO_PIN_8 | GPIO_PIN_9 | GPIO_PIN_10 | GPIO_PIN_11 | GPIO_PIN_0 | GP
 182              		.loc 1 119 0
 183 00f6 40F65573 		movw	r3, #3925
 184 00fa 0793     		str	r3, [sp, #28]
 120:Core/Src/gpio.c ****         GPIO_InitStruct.Mode = GPIO_MODE_ANALOG;
 185              		.loc 1 120 0
 186 00fc 0895     		str	r5, [sp, #32]
 121:Core/Src/gpio.c ****         GPIO_InitStruct.Pull = GPIO_NOPULL;
 187              		.loc 1 121 0
 188 00fe 0994     		str	r4, [sp, #36]
 122:Core/Src/gpio.c ****         HAL_GPIO_Init(GPIOD, &GPIO_InitStruct);
 189              		.loc 1 122 0
 190 0100 07A9     		add	r1, sp, #28
 191 0102 4046     		mov	r0, r8
 192 0104 FFF7FEFF 		bl	HAL_GPIO_Init
 193              	.LVL7:
 123:Core/Src/gpio.c **** 
 124:Core/Src/gpio.c ****         /*Configure GPIO pins : PDPin PDPin PDPin PDPin 
 125:Core/Src/gpio.c ****                            PDPin PDPin */
 126:Core/Src/gpio.c ****         GPIO_InitStruct.Pin = MOTOR2_IN2_Pin | MOTOR3_IN1_Pin | MOTOR1_IN1_Pin | MOTOR1_IN2_Pin | M
 194              		.loc 1 126 0
 195 0108 4CF2AA03 		movw	r3, #49322
 196 010c 0793     		str	r3, [sp, #28]
 127:Core/Src/gpio.c ****         GPIO_InitStruct.Mode = GPIO_MODE_OUTPUT_PP;
 197              		.loc 1 127 0
 198 010e 0125     		movs	r5, #1
 199 0110 0895     		str	r5, [sp, #32]
 128:Core/Src/gpio.c ****         GPIO_InitStruct.Pull = GPIO_NOPULL;
 200              		.loc 1 128 0
 201 0112 0994     		str	r4, [sp, #36]
 129:Core/Src/gpio.c ****         GPIO_InitStruct.Speed = GPIO_SPEED_FREQ_LOW;
 202              		.loc 1 129 0
 203 0114 0A94     		str	r4, [sp, #40]
 130:Core/Src/gpio.c ****         HAL_GPIO_Init(GPIOD, &GPIO_InitStruct);
 204              		.loc 1 130 0
 205 0116 07A9     		add	r1, sp, #28
 206 0118 4046     		mov	r0, r8
 207 011a FFF7FEFF 		bl	HAL_GPIO_Init
 208              	.LVL8:
 131:Core/Src/gpio.c **** 
 132:Core/Src/gpio.c ****         /*Configure GPIO pins : PCPin PCPin */
 133:Core/Src/gpio.c ****         GPIO_InitStruct.Pin = MOTOR4_IN1_Pin | MOTOR4_IN2_Pin;
 209              		.loc 1 133 0
 210 011e 4FF4A053 		mov	r3, #5120
ARM GAS  C:\Users\n-is\AppData\Local\Temp\ccjvPMNh.s 			page 7


 211 0122 0793     		str	r3, [sp, #28]
 134:Core/Src/gpio.c ****         GPIO_InitStruct.Mode = GPIO_MODE_OUTPUT_PP;
 212              		.loc 1 134 0
 213 0124 0895     		str	r5, [sp, #32]
 135:Core/Src/gpio.c ****         GPIO_InitStruct.Pull = GPIO_NOPULL;
 214              		.loc 1 135 0
 215 0126 0994     		str	r4, [sp, #36]
 136:Core/Src/gpio.c ****         GPIO_InitStruct.Speed = GPIO_SPEED_FREQ_LOW;
 216              		.loc 1 136 0
 217 0128 0A94     		str	r4, [sp, #40]
 137:Core/Src/gpio.c ****         HAL_GPIO_Init(GPIOC, &GPIO_InitStruct);
 218              		.loc 1 137 0
 219 012a 07A9     		add	r1, sp, #28
 220 012c 3846     		mov	r0, r7
 221 012e FFF7FEFF 		bl	HAL_GPIO_Init
 222              	.LVL9:
 138:Core/Src/gpio.c **** 
 139:Core/Src/gpio.c ****         /*Configure GPIO pin : PE0 */
 140:Core/Src/gpio.c ****         GPIO_InitStruct.Pin = GPIO_PIN_0;
 223              		.loc 1 140 0
 224 0132 0795     		str	r5, [sp, #28]
 141:Core/Src/gpio.c ****         GPIO_InitStruct.Mode = GPIO_MODE_OUTPUT_PP;
 225              		.loc 1 141 0
 226 0134 0895     		str	r5, [sp, #32]
 142:Core/Src/gpio.c ****         GPIO_InitStruct.Pull = GPIO_NOPULL;
 227              		.loc 1 142 0
 228 0136 0994     		str	r4, [sp, #36]
 143:Core/Src/gpio.c ****         GPIO_InitStruct.Speed = GPIO_SPEED_FREQ_LOW;
 229              		.loc 1 143 0
 230 0138 0A94     		str	r4, [sp, #40]
 144:Core/Src/gpio.c ****         HAL_GPIO_Init(GPIOE, &GPIO_InitStruct);
 231              		.loc 1 144 0
 232 013a 07A9     		add	r1, sp, #28
 233 013c 3046     		mov	r0, r6
 234 013e FFF7FEFF 		bl	HAL_GPIO_Init
 235              	.LVL10:
 145:Core/Src/gpio.c **** }
 236              		.loc 1 145 0
 237 0142 0CB0     		add	sp, sp, #48
 238              	.LCFI2:
 239              		.cfi_def_cfa_offset 24
 240              		@ sp needed
 241 0144 BDE8F081 		pop	{r4, r5, r6, r7, r8, pc}
 242              	.L4:
 243              		.align	2
 244              	.L3:
 245 0148 00380240 		.word	1073887232
 246 014c 00080240 		.word	1073874944
 247 0150 00100240 		.word	1073876992
 248 0154 00000240 		.word	1073872896
 249 0158 00040240 		.word	1073873920
 250 015c 000C0240 		.word	1073875968
 251              		.cfi_endproc
 252              	.LFE126:
 254              		.text
 255              	.Letext0:
 256              		.file 2 "c:\\program files (x86)\\gnu tools arm embedded\\7 2018-q2-update\\arm-none-eabi\\include
ARM GAS  C:\Users\n-is\AppData\Local\Temp\ccjvPMNh.s 			page 8


 257              		.file 3 "c:\\program files (x86)\\gnu tools arm embedded\\7 2018-q2-update\\arm-none-eabi\\include
 258              		.file 4 "Drivers/CMSIS/Include/core_cm4.h"
 259              		.file 5 "Drivers/CMSIS/Device/ST/STM32F4xx/Include/system_stm32f4xx.h"
 260              		.file 6 "Drivers/CMSIS/Device/ST/STM32F4xx/Include/stm32f407xx.h"
 261              		.file 7 "c:\\program files (x86)\\gnu tools arm embedded\\7 2018-q2-update\\arm-none-eabi\\include
 262              		.file 8 "c:\\program files (x86)\\gnu tools arm embedded\\7 2018-q2-update\\arm-none-eabi\\include
 263              		.file 9 "c:\\program files (x86)\\gnu tools arm embedded\\7 2018-q2-update\\lib\\gcc\\arm-none-eab
 264              		.file 10 "c:\\program files (x86)\\gnu tools arm embedded\\7 2018-q2-update\\arm-none-eabi\\includ
 265              		.file 11 "Drivers/STM32F4xx_HAL_Driver/Inc/stm32f4xx_hal_gpio.h"
ARM GAS  C:\Users\n-is\AppData\Local\Temp\ccjvPMNh.s 			page 9


DEFINED SYMBOLS
                            *ABS*:00000000 gpio.c
C:\Users\n-is\AppData\Local\Temp\ccjvPMNh.s:18     .text.MX_GPIO_Init:00000000 $t
C:\Users\n-is\AppData\Local\Temp\ccjvPMNh.s:25     .text.MX_GPIO_Init:00000000 MX_GPIO_Init
C:\Users\n-is\AppData\Local\Temp\ccjvPMNh.s:245    .text.MX_GPIO_Init:00000148 $d

UNDEFINED SYMBOLS
HAL_GPIO_WritePin
HAL_GPIO_Init
