ARM GAS  C:\Users\n-is\AppData\Local\Temp\ccy22m0e.s 			page 1


   1              		.cpu cortex-m4
   2              		.eabi_attribute 27, 1
   3              		.eabi_attribute 28, 1
   4              		.eabi_attribute 20, 1
   5              		.eabi_attribute 21, 1
   6              		.eabi_attribute 23, 3
   7              		.eabi_attribute 24, 1
   8              		.eabi_attribute 25, 1
   9              		.eabi_attribute 26, 1
  10              		.eabi_attribute 30, 1
  11              		.eabi_attribute 34, 1
  12              		.eabi_attribute 18, 4
  13              		.file	"usart.c"
  14              		.text
  15              	.Ltext0:
  16              		.cfi_sections	.debug_frame
  17              		.section	.text.MX_USART1_UART_Init,"ax",%progbits
  18              		.align	1
  19              		.global	MX_USART1_UART_Init
  20              		.syntax unified
  21              		.thumb
  22              		.thumb_func
  23              		.fpu fpv4-sp-d16
  25              	MX_USART1_UART_Init:
  26              	.LFB126:
  27              		.file 1 "Core/Src/usart.c"
   1:Core/Src/usart.c **** /**
   2:Core/Src/usart.c ****   ******************************************************************************
   3:Core/Src/usart.c ****   * File Name          : USART.c
   4:Core/Src/usart.c ****   * Description        : This file provides code for the configuration
   5:Core/Src/usart.c ****   *                      of the USART instances.
   6:Core/Src/usart.c ****   ******************************************************************************
   7:Core/Src/usart.c ****   ** This notice applies to any and all portions of this file
   8:Core/Src/usart.c ****   * that are not between comment pairs USER CODE BEGIN and
   9:Core/Src/usart.c ****   * USER CODE END. Other portions of this file, whether 
  10:Core/Src/usart.c ****   * inserted by the user or by software development tools
  11:Core/Src/usart.c ****   * are owned by their respective copyright owners.
  12:Core/Src/usart.c ****   *
  13:Core/Src/usart.c ****   * COPYRIGHT(c) 2018 STMicroelectronics
  14:Core/Src/usart.c ****   *
  15:Core/Src/usart.c ****   * Redistribution and use in source and binary forms, with or without modification,
  16:Core/Src/usart.c ****   * are permitted provided that the following conditions are met:
  17:Core/Src/usart.c ****   *   1. Redistributions of source code must retain the above copyright notice,
  18:Core/Src/usart.c ****   *      this list of conditions and the following disclaimer.
  19:Core/Src/usart.c ****   *   2. Redistributions in binary form must reproduce the above copyright notice,
  20:Core/Src/usart.c ****   *      this list of conditions and the following disclaimer in the documentation
  21:Core/Src/usart.c ****   *      and/or other materials provided with the distribution.
  22:Core/Src/usart.c ****   *   3. Neither the name of STMicroelectronics nor the names of its contributors
  23:Core/Src/usart.c ****   *      may be used to endorse or promote products derived from this software
  24:Core/Src/usart.c ****   *      without specific prior written permission.
  25:Core/Src/usart.c ****   *
  26:Core/Src/usart.c ****   * THIS SOFTWARE IS PROVIDED BY THE COPYRIGHT HOLDERS AND CONTRIBUTORS "AS IS"
  27:Core/Src/usart.c ****   * AND ANY EXPRESS OR IMPLIED WARRANTIES, INCLUDING, BUT NOT LIMITED TO, THE
  28:Core/Src/usart.c ****   * IMPLIED WARRANTIES OF MERCHANTABILITY AND FITNESS FOR A PARTICULAR PURPOSE ARE
  29:Core/Src/usart.c ****   * DISCLAIMED. IN NO EVENT SHALL THE COPYRIGHT HOLDER OR CONTRIBUTORS BE LIABLE
  30:Core/Src/usart.c ****   * FOR ANY DIRECT, INDIRECT, INCIDENTAL, SPECIAL, EXEMPLARY, OR CONSEQUENTIAL
  31:Core/Src/usart.c ****   * DAMAGES (INCLUDING, BUT NOT LIMITED TO, PROCUREMENT OF SUBSTITUTE GOODS OR
ARM GAS  C:\Users\n-is\AppData\Local\Temp\ccy22m0e.s 			page 2


  32:Core/Src/usart.c ****   * SERVICES; LOSS OF USE, DATA, OR PROFITS; OR BUSINESS INTERRUPTION) HOWEVER
  33:Core/Src/usart.c ****   * CAUSED AND ON ANY THEORY OF LIABILITY, WHETHER IN CONTRACT, STRICT LIABILITY,
  34:Core/Src/usart.c ****   * OR TORT (INCLUDING NEGLIGENCE OR OTHERWISE) ARISING IN ANY WAY OUT OF THE USE
  35:Core/Src/usart.c ****   * OF THIS SOFTWARE, EVEN IF ADVISED OF THE POSSIBILITY OF SUCH DAMAGE.
  36:Core/Src/usart.c ****   *
  37:Core/Src/usart.c ****   ******************************************************************************
  38:Core/Src/usart.c ****   */
  39:Core/Src/usart.c **** 
  40:Core/Src/usart.c **** /* Includes ------------------------------------------------------------------*/
  41:Core/Src/usart.c **** #include "usart.h"
  42:Core/Src/usart.c **** 
  43:Core/Src/usart.c **** #include "gpio.h"
  44:Core/Src/usart.c **** 
  45:Core/Src/usart.c **** /* USER CODE BEGIN 0 */
  46:Core/Src/usart.c **** 
  47:Core/Src/usart.c **** /* USER CODE END 0 */
  48:Core/Src/usart.c **** 
  49:Core/Src/usart.c **** UART_HandleTypeDef huart1;
  50:Core/Src/usart.c **** UART_HandleTypeDef huart3;
  51:Core/Src/usart.c **** 
  52:Core/Src/usart.c **** /* USART1 init function */
  53:Core/Src/usart.c **** 
  54:Core/Src/usart.c **** void MX_USART1_UART_Init(void)
  55:Core/Src/usart.c **** {
  28              		.loc 1 55 0
  29              		.cfi_startproc
  30              		@ args = 0, pretend = 0, frame = 0
  31              		@ frame_needed = 0, uses_anonymous_args = 0
  32 0000 08B5     		push	{r3, lr}
  33              	.LCFI0:
  34              		.cfi_def_cfa_offset 8
  35              		.cfi_offset 3, -8
  36              		.cfi_offset 14, -4
  56:Core/Src/usart.c **** 
  57:Core/Src/usart.c ****   huart1.Instance = USART1;
  37              		.loc 1 57 0
  38 0002 0B48     		ldr	r0, .L5
  39 0004 0B4B     		ldr	r3, .L5+4
  40 0006 0360     		str	r3, [r0]
  58:Core/Src/usart.c ****   huart1.Init.BaudRate = 115200;
  41              		.loc 1 58 0
  42 0008 4FF4E133 		mov	r3, #115200
  43 000c 4360     		str	r3, [r0, #4]
  59:Core/Src/usart.c ****   huart1.Init.WordLength = UART_WORDLENGTH_8B;
  44              		.loc 1 59 0
  45 000e 0023     		movs	r3, #0
  46 0010 8360     		str	r3, [r0, #8]
  60:Core/Src/usart.c ****   huart1.Init.StopBits = UART_STOPBITS_1;
  47              		.loc 1 60 0
  48 0012 C360     		str	r3, [r0, #12]
  61:Core/Src/usart.c ****   huart1.Init.Parity = UART_PARITY_NONE;
  49              		.loc 1 61 0
  50 0014 0361     		str	r3, [r0, #16]
  62:Core/Src/usart.c ****   huart1.Init.Mode = UART_MODE_TX_RX;
  51              		.loc 1 62 0
  52 0016 0C22     		movs	r2, #12
  53 0018 4261     		str	r2, [r0, #20]
ARM GAS  C:\Users\n-is\AppData\Local\Temp\ccy22m0e.s 			page 3


  63:Core/Src/usart.c ****   huart1.Init.HwFlowCtl = UART_HWCONTROL_NONE;
  54              		.loc 1 63 0
  55 001a 8361     		str	r3, [r0, #24]
  64:Core/Src/usart.c ****   huart1.Init.OverSampling = UART_OVERSAMPLING_16;
  56              		.loc 1 64 0
  57 001c C361     		str	r3, [r0, #28]
  65:Core/Src/usart.c ****   if (HAL_UART_Init(&huart1) != HAL_OK)
  58              		.loc 1 65 0
  59 001e FFF7FEFF 		bl	HAL_UART_Init
  60              	.LVL0:
  61 0022 00B9     		cbnz	r0, .L4
  62              	.L1:
  66:Core/Src/usart.c ****   {
  67:Core/Src/usart.c ****     _Error_Handler(__FILE__, __LINE__);
  68:Core/Src/usart.c ****   }
  69:Core/Src/usart.c **** 
  70:Core/Src/usart.c **** }
  63              		.loc 1 70 0
  64 0024 08BD     		pop	{r3, pc}
  65              	.L4:
  67:Core/Src/usart.c ****   }
  66              		.loc 1 67 0
  67 0026 4321     		movs	r1, #67
  68 0028 0348     		ldr	r0, .L5+8
  69 002a FFF7FEFF 		bl	_Error_Handler
  70              	.LVL1:
  71              		.loc 1 70 0
  72 002e F9E7     		b	.L1
  73              	.L6:
  74              		.align	2
  75              	.L5:
  76 0030 00000000 		.word	huart1
  77 0034 00100140 		.word	1073811456
  78 0038 00000000 		.word	.LC0
  79              		.cfi_endproc
  80              	.LFE126:
  82              		.section	.text.MX_USART3_UART_Init,"ax",%progbits
  83              		.align	1
  84              		.global	MX_USART3_UART_Init
  85              		.syntax unified
  86              		.thumb
  87              		.thumb_func
  88              		.fpu fpv4-sp-d16
  90              	MX_USART3_UART_Init:
  91              	.LFB127:
  71:Core/Src/usart.c **** /* USART3 init function */
  72:Core/Src/usart.c **** 
  73:Core/Src/usart.c **** void MX_USART3_UART_Init(void)
  74:Core/Src/usart.c **** {
  92              		.loc 1 74 0
  93              		.cfi_startproc
  94              		@ args = 0, pretend = 0, frame = 0
  95              		@ frame_needed = 0, uses_anonymous_args = 0
  96 0000 08B5     		push	{r3, lr}
  97              	.LCFI1:
  98              		.cfi_def_cfa_offset 8
  99              		.cfi_offset 3, -8
ARM GAS  C:\Users\n-is\AppData\Local\Temp\ccy22m0e.s 			page 4


 100              		.cfi_offset 14, -4
  75:Core/Src/usart.c **** 
  76:Core/Src/usart.c ****   huart3.Instance = USART3;
 101              		.loc 1 76 0
 102 0002 0B48     		ldr	r0, .L11
 103 0004 0B4B     		ldr	r3, .L11+4
 104 0006 0360     		str	r3, [r0]
  77:Core/Src/usart.c ****   huart3.Init.BaudRate = 115200;
 105              		.loc 1 77 0
 106 0008 4FF4E133 		mov	r3, #115200
 107 000c 4360     		str	r3, [r0, #4]
  78:Core/Src/usart.c ****   huart3.Init.WordLength = UART_WORDLENGTH_8B;
 108              		.loc 1 78 0
 109 000e 0023     		movs	r3, #0
 110 0010 8360     		str	r3, [r0, #8]
  79:Core/Src/usart.c ****   huart3.Init.StopBits = UART_STOPBITS_1;
 111              		.loc 1 79 0
 112 0012 C360     		str	r3, [r0, #12]
  80:Core/Src/usart.c ****   huart3.Init.Parity = UART_PARITY_NONE;
 113              		.loc 1 80 0
 114 0014 0361     		str	r3, [r0, #16]
  81:Core/Src/usart.c ****   huart3.Init.Mode = UART_MODE_TX_RX;
 115              		.loc 1 81 0
 116 0016 0C22     		movs	r2, #12
 117 0018 4261     		str	r2, [r0, #20]
  82:Core/Src/usart.c ****   huart3.Init.HwFlowCtl = UART_HWCONTROL_NONE;
 118              		.loc 1 82 0
 119 001a 8361     		str	r3, [r0, #24]
  83:Core/Src/usart.c ****   huart3.Init.OverSampling = UART_OVERSAMPLING_16;
 120              		.loc 1 83 0
 121 001c C361     		str	r3, [r0, #28]
  84:Core/Src/usart.c ****   if (HAL_UART_Init(&huart3) != HAL_OK)
 122              		.loc 1 84 0
 123 001e FFF7FEFF 		bl	HAL_UART_Init
 124              	.LVL2:
 125 0022 00B9     		cbnz	r0, .L10
 126              	.L7:
  85:Core/Src/usart.c ****   {
  86:Core/Src/usart.c ****     _Error_Handler(__FILE__, __LINE__);
  87:Core/Src/usart.c ****   }
  88:Core/Src/usart.c **** 
  89:Core/Src/usart.c **** }
 127              		.loc 1 89 0
 128 0024 08BD     		pop	{r3, pc}
 129              	.L10:
  86:Core/Src/usart.c ****   }
 130              		.loc 1 86 0
 131 0026 5621     		movs	r1, #86
 132 0028 0348     		ldr	r0, .L11+8
 133 002a FFF7FEFF 		bl	_Error_Handler
 134              	.LVL3:
 135              		.loc 1 89 0
 136 002e F9E7     		b	.L7
 137              	.L12:
 138              		.align	2
 139              	.L11:
 140 0030 00000000 		.word	huart3
ARM GAS  C:\Users\n-is\AppData\Local\Temp\ccy22m0e.s 			page 5


 141 0034 00480040 		.word	1073760256
 142 0038 00000000 		.word	.LC0
 143              		.cfi_endproc
 144              	.LFE127:
 146              		.section	.text.HAL_UART_MspInit,"ax",%progbits
 147              		.align	1
 148              		.global	HAL_UART_MspInit
 149              		.syntax unified
 150              		.thumb
 151              		.thumb_func
 152              		.fpu fpv4-sp-d16
 154              	HAL_UART_MspInit:
 155              	.LFB128:
  90:Core/Src/usart.c **** 
  91:Core/Src/usart.c **** void HAL_UART_MspInit(UART_HandleTypeDef* uartHandle)
  92:Core/Src/usart.c **** {
 156              		.loc 1 92 0
 157              		.cfi_startproc
 158              		@ args = 0, pretend = 0, frame = 32
 159              		@ frame_needed = 0, uses_anonymous_args = 0
 160              	.LVL4:
 161 0000 00B5     		push	{lr}
 162              	.LCFI2:
 163              		.cfi_def_cfa_offset 4
 164              		.cfi_offset 14, -4
 165 0002 89B0     		sub	sp, sp, #36
 166              	.LCFI3:
 167              		.cfi_def_cfa_offset 40
  93:Core/Src/usart.c **** 
  94:Core/Src/usart.c ****   GPIO_InitTypeDef GPIO_InitStruct;
  95:Core/Src/usart.c ****   if(uartHandle->Instance==USART1)
 168              		.loc 1 95 0
 169 0004 0368     		ldr	r3, [r0]
 170 0006 204A     		ldr	r2, .L19
 171 0008 9342     		cmp	r3, r2
 172 000a 05D0     		beq	.L17
  96:Core/Src/usart.c ****   {
  97:Core/Src/usart.c ****   /* USER CODE BEGIN USART1_MspInit 0 */
  98:Core/Src/usart.c **** 
  99:Core/Src/usart.c ****   /* USER CODE END USART1_MspInit 0 */
 100:Core/Src/usart.c ****     /* USART1 clock enable */
 101:Core/Src/usart.c ****     __HAL_RCC_USART1_CLK_ENABLE();
 102:Core/Src/usart.c ****   
 103:Core/Src/usart.c ****     /**USART1 GPIO Configuration    
 104:Core/Src/usart.c ****     PA9     ------> USART1_TX
 105:Core/Src/usart.c ****     PA10     ------> USART1_RX 
 106:Core/Src/usart.c ****     */
 107:Core/Src/usart.c ****     GPIO_InitStruct.Pin = GPIO_PIN_9|GPIO_PIN_10;
 108:Core/Src/usart.c ****     GPIO_InitStruct.Mode = GPIO_MODE_AF_PP;
 109:Core/Src/usart.c ****     GPIO_InitStruct.Pull = GPIO_PULLUP;
 110:Core/Src/usart.c ****     GPIO_InitStruct.Speed = GPIO_SPEED_FREQ_VERY_HIGH;
 111:Core/Src/usart.c ****     GPIO_InitStruct.Alternate = GPIO_AF7_USART1;
 112:Core/Src/usart.c ****     HAL_GPIO_Init(GPIOA, &GPIO_InitStruct);
 113:Core/Src/usart.c **** 
 114:Core/Src/usart.c ****   /* USER CODE BEGIN USART1_MspInit 1 */
 115:Core/Src/usart.c **** 
 116:Core/Src/usart.c ****   /* USER CODE END USART1_MspInit 1 */
ARM GAS  C:\Users\n-is\AppData\Local\Temp\ccy22m0e.s 			page 6


 117:Core/Src/usart.c ****   }
 118:Core/Src/usart.c ****   else if(uartHandle->Instance==USART3)
 173              		.loc 1 118 0
 174 000c 1F4A     		ldr	r2, .L19+4
 175 000e 9342     		cmp	r3, r2
 176 0010 1ED0     		beq	.L18
 177              	.LVL5:
 178              	.L13:
 119:Core/Src/usart.c ****   {
 120:Core/Src/usart.c ****   /* USER CODE BEGIN USART3_MspInit 0 */
 121:Core/Src/usart.c **** 
 122:Core/Src/usart.c ****   /* USER CODE END USART3_MspInit 0 */
 123:Core/Src/usart.c ****     /* USART3 clock enable */
 124:Core/Src/usart.c ****     __HAL_RCC_USART3_CLK_ENABLE();
 125:Core/Src/usart.c ****   
 126:Core/Src/usart.c ****     /**USART3 GPIO Configuration    
 127:Core/Src/usart.c ****     PB10     ------> USART3_TX
 128:Core/Src/usart.c ****     PB11     ------> USART3_RX 
 129:Core/Src/usart.c ****     */
 130:Core/Src/usart.c ****     GPIO_InitStruct.Pin = GPIO_PIN_10|GPIO_PIN_11;
 131:Core/Src/usart.c ****     GPIO_InitStruct.Mode = GPIO_MODE_AF_PP;
 132:Core/Src/usart.c ****     GPIO_InitStruct.Pull = GPIO_PULLUP;
 133:Core/Src/usart.c ****     GPIO_InitStruct.Speed = GPIO_SPEED_FREQ_VERY_HIGH;
 134:Core/Src/usart.c ****     GPIO_InitStruct.Alternate = GPIO_AF7_USART3;
 135:Core/Src/usart.c ****     HAL_GPIO_Init(GPIOB, &GPIO_InitStruct);
 136:Core/Src/usart.c **** 
 137:Core/Src/usart.c ****   /* USER CODE BEGIN USART3_MspInit 1 */
 138:Core/Src/usart.c **** 
 139:Core/Src/usart.c ****   /* USER CODE END USART3_MspInit 1 */
 140:Core/Src/usart.c ****   }
 141:Core/Src/usart.c **** }
 179              		.loc 1 141 0
 180 0012 09B0     		add	sp, sp, #36
 181              	.LCFI4:
 182              		.cfi_remember_state
 183              		.cfi_def_cfa_offset 4
 184              		@ sp needed
 185 0014 5DF804FB 		ldr	pc, [sp], #4
 186              	.LVL6:
 187              	.L17:
 188              	.LCFI5:
 189              		.cfi_restore_state
 190              	.LBB2:
 101:Core/Src/usart.c ****   
 191              		.loc 1 101 0
 192 0018 0023     		movs	r3, #0
 193 001a 0193     		str	r3, [sp, #4]
 194 001c 1C4B     		ldr	r3, .L19+8
 195 001e 5A6C     		ldr	r2, [r3, #68]
 196 0020 42F01002 		orr	r2, r2, #16
 197 0024 5A64     		str	r2, [r3, #68]
 198 0026 5B6C     		ldr	r3, [r3, #68]
 199 0028 03F01003 		and	r3, r3, #16
 200 002c 0193     		str	r3, [sp, #4]
 201 002e 019B     		ldr	r3, [sp, #4]
 202              	.LBE2:
 107:Core/Src/usart.c ****     GPIO_InitStruct.Mode = GPIO_MODE_AF_PP;
ARM GAS  C:\Users\n-is\AppData\Local\Temp\ccy22m0e.s 			page 7


 203              		.loc 1 107 0
 204 0030 4FF4C063 		mov	r3, #1536
 205 0034 0393     		str	r3, [sp, #12]
 108:Core/Src/usart.c ****     GPIO_InitStruct.Pull = GPIO_PULLUP;
 206              		.loc 1 108 0
 207 0036 0223     		movs	r3, #2
 208 0038 0493     		str	r3, [sp, #16]
 109:Core/Src/usart.c ****     GPIO_InitStruct.Speed = GPIO_SPEED_FREQ_VERY_HIGH;
 209              		.loc 1 109 0
 210 003a 0123     		movs	r3, #1
 211 003c 0593     		str	r3, [sp, #20]
 110:Core/Src/usart.c ****     GPIO_InitStruct.Alternate = GPIO_AF7_USART1;
 212              		.loc 1 110 0
 213 003e 0323     		movs	r3, #3
 214 0040 0693     		str	r3, [sp, #24]
 111:Core/Src/usart.c ****     HAL_GPIO_Init(GPIOA, &GPIO_InitStruct);
 215              		.loc 1 111 0
 216 0042 0723     		movs	r3, #7
 217 0044 0793     		str	r3, [sp, #28]
 112:Core/Src/usart.c **** 
 218              		.loc 1 112 0
 219 0046 03A9     		add	r1, sp, #12
 220 0048 1248     		ldr	r0, .L19+12
 221              	.LVL7:
 222 004a FFF7FEFF 		bl	HAL_GPIO_Init
 223              	.LVL8:
 224 004e E0E7     		b	.L13
 225              	.LVL9:
 226              	.L18:
 227              	.LBB3:
 124:Core/Src/usart.c ****   
 228              		.loc 1 124 0
 229 0050 0023     		movs	r3, #0
 230 0052 0293     		str	r3, [sp, #8]
 231 0054 0E4B     		ldr	r3, .L19+8
 232 0056 1A6C     		ldr	r2, [r3, #64]
 233 0058 42F48022 		orr	r2, r2, #262144
 234 005c 1A64     		str	r2, [r3, #64]
 235 005e 1B6C     		ldr	r3, [r3, #64]
 236 0060 03F48023 		and	r3, r3, #262144
 237 0064 0293     		str	r3, [sp, #8]
 238 0066 029B     		ldr	r3, [sp, #8]
 239              	.LBE3:
 130:Core/Src/usart.c ****     GPIO_InitStruct.Mode = GPIO_MODE_AF_PP;
 240              		.loc 1 130 0
 241 0068 4FF44063 		mov	r3, #3072
 242 006c 0393     		str	r3, [sp, #12]
 131:Core/Src/usart.c ****     GPIO_InitStruct.Pull = GPIO_PULLUP;
 243              		.loc 1 131 0
 244 006e 0223     		movs	r3, #2
 245 0070 0493     		str	r3, [sp, #16]
 132:Core/Src/usart.c ****     GPIO_InitStruct.Speed = GPIO_SPEED_FREQ_VERY_HIGH;
 246              		.loc 1 132 0
 247 0072 0123     		movs	r3, #1
 248 0074 0593     		str	r3, [sp, #20]
 133:Core/Src/usart.c ****     GPIO_InitStruct.Alternate = GPIO_AF7_USART3;
 249              		.loc 1 133 0
ARM GAS  C:\Users\n-is\AppData\Local\Temp\ccy22m0e.s 			page 8


 250 0076 0323     		movs	r3, #3
 251 0078 0693     		str	r3, [sp, #24]
 134:Core/Src/usart.c ****     HAL_GPIO_Init(GPIOB, &GPIO_InitStruct);
 252              		.loc 1 134 0
 253 007a 0723     		movs	r3, #7
 254 007c 0793     		str	r3, [sp, #28]
 135:Core/Src/usart.c **** 
 255              		.loc 1 135 0
 256 007e 03A9     		add	r1, sp, #12
 257 0080 0548     		ldr	r0, .L19+16
 258              	.LVL10:
 259 0082 FFF7FEFF 		bl	HAL_GPIO_Init
 260              	.LVL11:
 261              		.loc 1 141 0
 262 0086 C4E7     		b	.L13
 263              	.L20:
 264              		.align	2
 265              	.L19:
 266 0088 00100140 		.word	1073811456
 267 008c 00480040 		.word	1073760256
 268 0090 00380240 		.word	1073887232
 269 0094 00000240 		.word	1073872896
 270 0098 00040240 		.word	1073873920
 271              		.cfi_endproc
 272              	.LFE128:
 274              		.section	.text.HAL_UART_MspDeInit,"ax",%progbits
 275              		.align	1
 276              		.global	HAL_UART_MspDeInit
 277              		.syntax unified
 278              		.thumb
 279              		.thumb_func
 280              		.fpu fpv4-sp-d16
 282              	HAL_UART_MspDeInit:
 283              	.LFB129:
 142:Core/Src/usart.c **** 
 143:Core/Src/usart.c **** void HAL_UART_MspDeInit(UART_HandleTypeDef* uartHandle)
 144:Core/Src/usart.c **** {
 284              		.loc 1 144 0
 285              		.cfi_startproc
 286              		@ args = 0, pretend = 0, frame = 0
 287              		@ frame_needed = 0, uses_anonymous_args = 0
 288              	.LVL12:
 289 0000 08B5     		push	{r3, lr}
 290              	.LCFI6:
 291              		.cfi_def_cfa_offset 8
 292              		.cfi_offset 3, -8
 293              		.cfi_offset 14, -4
 145:Core/Src/usart.c **** 
 146:Core/Src/usart.c ****   if(uartHandle->Instance==USART1)
 294              		.loc 1 146 0
 295 0002 0368     		ldr	r3, [r0]
 296 0004 0F4A     		ldr	r2, .L27
 297 0006 9342     		cmp	r3, r2
 298 0008 03D0     		beq	.L25
 147:Core/Src/usart.c ****   {
 148:Core/Src/usart.c ****   /* USER CODE BEGIN USART1_MspDeInit 0 */
 149:Core/Src/usart.c **** 
ARM GAS  C:\Users\n-is\AppData\Local\Temp\ccy22m0e.s 			page 9


 150:Core/Src/usart.c ****   /* USER CODE END USART1_MspDeInit 0 */
 151:Core/Src/usart.c ****     /* Peripheral clock disable */
 152:Core/Src/usart.c ****     __HAL_RCC_USART1_CLK_DISABLE();
 153:Core/Src/usart.c ****   
 154:Core/Src/usart.c ****     /**USART1 GPIO Configuration    
 155:Core/Src/usart.c ****     PA9     ------> USART1_TX
 156:Core/Src/usart.c ****     PA10     ------> USART1_RX 
 157:Core/Src/usart.c ****     */
 158:Core/Src/usart.c ****     HAL_GPIO_DeInit(GPIOA, GPIO_PIN_9|GPIO_PIN_10);
 159:Core/Src/usart.c **** 
 160:Core/Src/usart.c ****   /* USER CODE BEGIN USART1_MspDeInit 1 */
 161:Core/Src/usart.c **** 
 162:Core/Src/usart.c ****   /* USER CODE END USART1_MspDeInit 1 */
 163:Core/Src/usart.c ****   }
 164:Core/Src/usart.c ****   else if(uartHandle->Instance==USART3)
 299              		.loc 1 164 0
 300 000a 0F4A     		ldr	r2, .L27+4
 301 000c 9342     		cmp	r3, r2
 302 000e 0CD0     		beq	.L26
 303              	.LVL13:
 304              	.L21:
 165:Core/Src/usart.c ****   {
 166:Core/Src/usart.c ****   /* USER CODE BEGIN USART3_MspDeInit 0 */
 167:Core/Src/usart.c **** 
 168:Core/Src/usart.c ****   /* USER CODE END USART3_MspDeInit 0 */
 169:Core/Src/usart.c ****     /* Peripheral clock disable */
 170:Core/Src/usart.c ****     __HAL_RCC_USART3_CLK_DISABLE();
 171:Core/Src/usart.c ****   
 172:Core/Src/usart.c ****     /**USART3 GPIO Configuration    
 173:Core/Src/usart.c ****     PB10     ------> USART3_TX
 174:Core/Src/usart.c ****     PB11     ------> USART3_RX 
 175:Core/Src/usart.c ****     */
 176:Core/Src/usart.c ****     HAL_GPIO_DeInit(GPIOB, GPIO_PIN_10|GPIO_PIN_11);
 177:Core/Src/usart.c **** 
 178:Core/Src/usart.c ****   /* USER CODE BEGIN USART3_MspDeInit 1 */
 179:Core/Src/usart.c **** 
 180:Core/Src/usart.c ****   /* USER CODE END USART3_MspDeInit 1 */
 181:Core/Src/usart.c ****   }
 182:Core/Src/usart.c **** } 
 305              		.loc 1 182 0
 306 0010 08BD     		pop	{r3, pc}
 307              	.LVL14:
 308              	.L25:
 152:Core/Src/usart.c ****   
 309              		.loc 1 152 0
 310 0012 02F59432 		add	r2, r2, #75776
 311 0016 536C     		ldr	r3, [r2, #68]
 312 0018 23F01003 		bic	r3, r3, #16
 313 001c 5364     		str	r3, [r2, #68]
 158:Core/Src/usart.c **** 
 314              		.loc 1 158 0
 315 001e 4FF4C061 		mov	r1, #1536
 316 0022 0A48     		ldr	r0, .L27+8
 317              	.LVL15:
 318 0024 FFF7FEFF 		bl	HAL_GPIO_DeInit
 319              	.LVL16:
 320 0028 F2E7     		b	.L21
ARM GAS  C:\Users\n-is\AppData\Local\Temp\ccy22m0e.s 			page 10


 321              	.LVL17:
 322              	.L26:
 170:Core/Src/usart.c ****   
 323              		.loc 1 170 0
 324 002a 02F5F832 		add	r2, r2, #126976
 325 002e 136C     		ldr	r3, [r2, #64]
 326 0030 23F48023 		bic	r3, r3, #262144
 327 0034 1364     		str	r3, [r2, #64]
 176:Core/Src/usart.c **** 
 328              		.loc 1 176 0
 329 0036 4FF44061 		mov	r1, #3072
 330 003a 0548     		ldr	r0, .L27+12
 331              	.LVL18:
 332 003c FFF7FEFF 		bl	HAL_GPIO_DeInit
 333              	.LVL19:
 334              		.loc 1 182 0
 335 0040 E6E7     		b	.L21
 336              	.L28:
 337 0042 00BF     		.align	2
 338              	.L27:
 339 0044 00100140 		.word	1073811456
 340 0048 00480040 		.word	1073760256
 341 004c 00000240 		.word	1073872896
 342 0050 00040240 		.word	1073873920
 343              		.cfi_endproc
 344              	.LFE129:
 346              		.comm	huart3,64,4
 347              		.comm	huart1,64,4
 348              		.section	.rodata.MX_USART1_UART_Init.str1.4,"aMS",%progbits,1
 349              		.align	2
 350              	.LC0:
 351 0000 436F7265 		.ascii	"Core/Src/usart.c\000"
 351      2F537263 
 351      2F757361 
 351      72742E63 
 351      00
 352              		.text
 353              	.Letext0:
 354              		.file 2 "c:\\program files (x86)\\gnu tools arm embedded\\7 2018-q2-update\\arm-none-eabi\\include
 355              		.file 3 "c:\\program files (x86)\\gnu tools arm embedded\\7 2018-q2-update\\arm-none-eabi\\include
 356              		.file 4 "Drivers/CMSIS/Include/core_cm4.h"
 357              		.file 5 "Drivers/CMSIS/Device/ST/STM32F4xx/Include/system_stm32f4xx.h"
 358              		.file 6 "Drivers/CMSIS/Device/ST/STM32F4xx/Include/stm32f407xx.h"
 359              		.file 7 "c:\\program files (x86)\\gnu tools arm embedded\\7 2018-q2-update\\arm-none-eabi\\include
 360              		.file 8 "c:\\program files (x86)\\gnu tools arm embedded\\7 2018-q2-update\\arm-none-eabi\\include
 361              		.file 9 "c:\\program files (x86)\\gnu tools arm embedded\\7 2018-q2-update\\lib\\gcc\\arm-none-eab
 362              		.file 10 "c:\\program files (x86)\\gnu tools arm embedded\\7 2018-q2-update\\arm-none-eabi\\includ
 363              		.file 11 "Drivers/STM32F4xx_HAL_Driver/Inc/stm32f4xx_hal_def.h"
 364              		.file 12 "Drivers/STM32F4xx_HAL_Driver/Inc/stm32f4xx_hal_gpio.h"
 365              		.file 13 "Drivers/STM32F4xx_HAL_Driver/Inc/stm32f4xx_hal_dma.h"
 366              		.file 14 "Drivers/STM32F4xx_HAL_Driver/Inc/stm32f4xx_hal_uart.h"
 367              		.file 15 "Core/Inc/usart.h"
ARM GAS  C:\Users\n-is\AppData\Local\Temp\ccy22m0e.s 			page 11


DEFINED SYMBOLS
                            *ABS*:00000000 usart.c
C:\Users\n-is\AppData\Local\Temp\ccy22m0e.s:18     .text.MX_USART1_UART_Init:00000000 $t
C:\Users\n-is\AppData\Local\Temp\ccy22m0e.s:25     .text.MX_USART1_UART_Init:00000000 MX_USART1_UART_Init
C:\Users\n-is\AppData\Local\Temp\ccy22m0e.s:76     .text.MX_USART1_UART_Init:00000030 $d
                            *COM*:00000040 huart1
C:\Users\n-is\AppData\Local\Temp\ccy22m0e.s:83     .text.MX_USART3_UART_Init:00000000 $t
C:\Users\n-is\AppData\Local\Temp\ccy22m0e.s:90     .text.MX_USART3_UART_Init:00000000 MX_USART3_UART_Init
C:\Users\n-is\AppData\Local\Temp\ccy22m0e.s:140    .text.MX_USART3_UART_Init:00000030 $d
                            *COM*:00000040 huart3
C:\Users\n-is\AppData\Local\Temp\ccy22m0e.s:147    .text.HAL_UART_MspInit:00000000 $t
C:\Users\n-is\AppData\Local\Temp\ccy22m0e.s:154    .text.HAL_UART_MspInit:00000000 HAL_UART_MspInit
C:\Users\n-is\AppData\Local\Temp\ccy22m0e.s:266    .text.HAL_UART_MspInit:00000088 $d
C:\Users\n-is\AppData\Local\Temp\ccy22m0e.s:275    .text.HAL_UART_MspDeInit:00000000 $t
C:\Users\n-is\AppData\Local\Temp\ccy22m0e.s:282    .text.HAL_UART_MspDeInit:00000000 HAL_UART_MspDeInit
C:\Users\n-is\AppData\Local\Temp\ccy22m0e.s:339    .text.HAL_UART_MspDeInit:00000044 $d
C:\Users\n-is\AppData\Local\Temp\ccy22m0e.s:349    .rodata.MX_USART1_UART_Init.str1.4:00000000 $d

UNDEFINED SYMBOLS
HAL_UART_Init
_Error_Handler
HAL_GPIO_Init
HAL_GPIO_DeInit
